Arguments: 
  C:\Program Files\nodejs\node.exe C:\Users\redgr\AppData\Roaming\npm\node_modules\yarn\bin\yarn.js add nodemon

PATH: 
  C:\Program Files\Eclipse Adoptium\jdk-11.0.20.101-hotspot\bin;C:\Windows\system32;C:\Windows;C:\Windows\System32\Wbem;C:\Windows\System32\WindowsPowerShell\v1.0\;C:\Windows\System32\OpenSSH\;%NVM_HOME%;%NVM_SYMLINK%;C:\Program Files\Git\cmd;C:\Users\redgr\AppData\Local\Microsoft\WindowsApps;C:\Users\redgr\AppData\Roaming\npm;C:\Users\redgr\AppData\Roaming\nvm;C:\Program Files\nodejs;C:\Users\redgr\AppData\Local\Programs\Microsoft VS Code\bin

Yarn version: 
  1.22.19

Node version: 
  18.18.0

Platform: 
  win32 x64

Trace: 
  Error: EPERM: operation not permitted, mkdir 'F:\Trabalho\Projetos\fullStack\JSServer\node_modules\mqtt\node_modules'

npm manifest: 
  {
  	"name": "JSServer",
  	"version": "1.0.0",
  	"description": "",
  	"main": "index.js",
  	"scripts": {
  		"test": "echo \"Error: no test specified\" && exit 1",
  		"dev": "nodemon ./src/index.js"
  	},
  	"keywords": [],
  	"author": "",
  	"license": "ISC",
  	"dependencies": {
  		"body-parser": "^1.20.2",
  		"cors": "^2.8.5",
  		"debug": "~2.6.9",
  		"dotenv": "^16.3.1",
  		"express": "~4.16.1",
  		"http-errors": "~1.6.3",
  		"jsonwebtoken": "^9.0.2",
  		"mqtt": "^5.0.5",
  		"mysql2": "^3.6.1",
  		"pg": "^8.11.3",
  		"socket.io": "^4.7.2"
  	},
  	"devDependencies": {
  		"cookie-parser": "^1.4.6",
  		"jade": "^1.11.0",
  		"morgan": "^1.10.0"
  	}
  }

yarn manifest: 
  No manifest

Lockfile: 
  No lockfile
